{
  "RSpec": {
    "coverage": {
      "/home/raghu-n-yadav/Desktop/ruby_rails/bookstore_change/spec/features/book_issue_spec.rb": {
        "lines": [
          1,
          null,
          1,
          1,
          5,
          5,
          4,
          null,
          null,
          1,
          4,
          4,
          4,
          4,
          4,
          4,
          4,
          null,
          null,
          1,
          1,
          1,
          1,
          1,
          1,
          null,
          1,
          1,
          1,
          1,
          1,
          1,
          1,
          1,
          1,
          1,
          null,
          null,
          1,
          1,
          1,
          1,
          1,
          1,
          null,
          1,
          1,
          1,
          1,
          1,
          1,
          1,
          1,
          1,
          1,
          1,
          1,
          null,
          null,
          1,
          1,
          1,
          1,
          1,
          1,
          null,
          1,
          1,
          1,
          1,
          1,
          1,
          null,
          null,
          1,
          1,
          1,
          1,
          1,
          1,
          null,
          1,
          1,
          1,
          1,
          1,
          1,
          1,
          1,
          1,
          1,
          1,
          1,
          1,
          1,
          null,
          null,
          null
        ]
      },
      "/home/raghu-n-yadav/Desktop/ruby_rails/bookstore_change/spec/rails_helper.rb": {
        "lines": [
          null,
          1,
          1,
          1,
          null,
          1,
          1,
          2,
          null,
          1,
          1,
          1,
          1,
          null,
          null,
          1,
          null,
          null,
          null,
          null,
          null,
          null,
          null,
          null,
          null,
          null,
          null,
          null,
          null,
          null,
          null,
          null,
          null,
          null,
          null,
          null,
          1,
          null,
          0,
          0,
          null,
          1,
          null,
          1,
          null,
          null,
          null,
          null,
          1,
          null,
          null,
          null,
          null,
          null,
          null,
          null,
          null,
          null,
          null,
          null,
          null,
          null,
          null,
          null,
          null,
          null,
          1,
          null,
          null,
          1,
          null,
          null,
          null
        ]
      },
      "/home/raghu-n-yadav/Desktop/ruby_rails/bookstore_change/config/environment.rb": {
        "lines": [
          null,
          1,
          null,
          null,
          1
        ]
      },
      "/home/raghu-n-yadav/Desktop/ruby_rails/bookstore_change/config/application.rb": {
        "lines": [
          1,
          null,
          1,
          null,
          null,
          null,
          1,
          null,
          1,
          1,
          null,
          1,
          null,
          null,
          null,
          null,
          null,
          null,
          null
        ]
      },
      "/home/raghu-n-yadav/Desktop/ruby_rails/bookstore_change/config/boot.rb": {
        "lines": [
          1,
          null,
          1,
          1
        ]
      },
      "/home/raghu-n-yadav/Desktop/ruby_rails/bookstore_change/config/environments/test.rb": {
        "lines": [
          1,
          null,
          null,
          null,
          null,
          null,
          null,
          1,
          null,
          null,
          null,
          null,
          1,
          null,
          null,
          1,
          1,
          null,
          null,
          null,
          null,
          1,
          1,
          null,
          null,
          1,
          null,
          null,
          1,
          null,
          null,
          1,
          null,
          1,
          null,
          null,
          null,
          null,
          1,
          null,
          null,
          1,
          null,
          null,
          null,
          null
        ]
      },
      "/home/raghu-n-yadav/Desktop/ruby_rails/bookstore_change/config/initializers/application_controller_renderer.rb": {
        "lines": [
          null,
          null,
          null,
          null,
          null,
          null,
          null,
          null
        ]
      },
      "/home/raghu-n-yadav/Desktop/ruby_rails/bookstore_change/config/initializers/assets.rb": {
        "lines": [
          null,
          null,
          null,
          1,
          null,
          null,
          null,
          null,
          1,
          null,
          null,
          null,
          null,
          null
        ]
      },
      "/home/raghu-n-yadav/Desktop/ruby_rails/bookstore_change/config/initializers/backtrace_silencers.rb": {
        "lines": [
          null,
          null,
          null,
          null,
          null,
          null,
          null
        ]
      },
      "/home/raghu-n-yadav/Desktop/ruby_rails/bookstore_change/config/initializers/content_security_policy.rb": {
        "lines": [
          null,
          null,
          null,
          null,
          null,
          null,
          null,
          null,
          null,
          null,
          null,
          null,
          null,
          null,
          null,
          null,
          null,
          null,
          null,
          null,
          null,
          null,
          null,
          null,
          null
        ]
      },
      "/home/raghu-n-yadav/Desktop/ruby_rails/bookstore_change/config/initializers/cookies_serializer.rb": {
        "lines": [
          null,
          null,
          null,
          null,
          1
        ]
      },
      "/home/raghu-n-yadav/Desktop/ruby_rails/bookstore_change/config/initializers/filter_parameter_logging.rb": {
        "lines": [
          null,
          null,
          null,
          1
        ]
      },
      "/home/raghu-n-yadav/Desktop/ruby_rails/bookstore_change/config/initializers/inflections.rb": {
        "lines": [
          null,
          null,
          null,
          null,
          null,
          null,
          null,
          null,
          null,
          null,
          null,
          null,
          null,
          null,
          null,
          null
        ]
      },
      "/home/raghu-n-yadav/Desktop/ruby_rails/bookstore_change/config/initializers/mime_types.rb": {
        "lines": [
          null,
          null,
          null,
          null
        ]
      },
      "/home/raghu-n-yadav/Desktop/ruby_rails/bookstore_change/config/initializers/wrap_parameters.rb": {
        "lines": [
          null,
          null,
          null,
          null,
          null,
          null,
          1,
          2,
          null,
          null,
          null,
          null,
          null,
          null
        ]
      },
      "/home/raghu-n-yadav/Desktop/ruby_rails/bookstore_change/spec/factories/books.rb": {
        "lines": [
          1,
          1,
          20,
          20,
          20,
          20,
          null,
          null
        ]
      },
      "/home/raghu-n-yadav/Desktop/ruby_rails/bookstore_change/spec/factories/issued_books.rb": {
        "lines": [
          1,
          1,
          1,
          1,
          1,
          1,
          null,
          null
        ]
      },
      "/home/raghu-n-yadav/Desktop/ruby_rails/bookstore_change/spec/factories/students.rb": {
        "lines": [
          1,
          1,
          6,
          11,
          null,
          null,
          null
        ]
      },
      "/home/raghu-n-yadav/Desktop/ruby_rails/bookstore_change/spec/factories/users.rb": {
        "lines": [
          1,
          1,
          1,
          24,
          24,
          null,
          null
        ]
      },
      "/home/raghu-n-yadav/Desktop/ruby_rails/bookstore_change/config/routes.rb": {
        "lines": [
          1,
          1,
          null,
          1,
          null,
          1,
          null,
          1,
          null,
          1,
          null,
          1,
          null,
          1,
          null,
          1,
          null,
          1,
          1,
          1,
          null,
          1,
          1,
          1,
          null,
          1,
          null,
          null,
          null
        ]
      },
      "/home/raghu-n-yadav/Desktop/ruby_rails/bookstore_change/app/helpers/admins_helper.rb": {
        "lines": [
          1,
          null
        ]
      },
      "/home/raghu-n-yadav/Desktop/ruby_rails/bookstore_change/app/helpers/application_helper.rb": {
        "lines": [
          1,
          null
        ]
      },
      "/home/raghu-n-yadav/Desktop/ruby_rails/bookstore_change/app/helpers/registration_helper.rb": {
        "lines": [
          1,
          null
        ]
      },
      "/home/raghu-n-yadav/Desktop/ruby_rails/bookstore_change/app/helpers/sessions_helper.rb": {
        "lines": [
          1,
          null
        ]
      },
      "/home/raghu-n-yadav/Desktop/ruby_rails/bookstore_change/spec/support/factory_bot.rb": {
        "lines": [
          1,
          1,
          null
        ]
      },
      "/home/raghu-n-yadav/Desktop/ruby_rails/bookstore_change/spec/features/books_page_spec.rb": {
        "lines": [
          1,
          null,
          1,
          1,
          6,
          9,
          null,
          null,
          1,
          8,
          8,
          8,
          8,
          8,
          8,
          null,
          null,
          1,
          1,
          1,
          null,
          null,
          1,
          1,
          1,
          1,
          1,
          1,
          null,
          null,
          1,
          1,
          1,
          1,
          null,
          null,
          1,
          1,
          1,
          1,
          1,
          1,
          null,
          1,
          1,
          null,
          null,
          1,
          1,
          1,
          1,
          1,
          null,
          1,
          1,
          null,
          null,
          1,
          1,
          1,
          1,
          1,
          1,
          null,
          1,
          1,
          1,
          null,
          null,
          1,
          1,
          1,
          1,
          1,
          1,
          null,
          1,
          1,
          1,
          null,
          null,
          1,
          1,
          1,
          1,
          1,
          1,
          null,
          1,
          1,
          1,
          1,
          null,
          null,
          null,
          null
        ]
      },
      "/home/raghu-n-yadav/Desktop/ruby_rails/bookstore_change/spec/features/registration_spec.rb": {
        "lines": [
          1,
          null,
          1,
          1,
          1,
          1,
          1,
          null,
          1,
          1,
          1,
          null,
          null,
          null,
          1,
          6,
          null,
          1,
          5,
          5,
          5,
          null,
          null,
          1,
          1,
          1,
          null,
          null,
          1,
          1,
          1,
          null,
          null,
          1,
          1,
          1,
          1,
          null,
          null,
          1,
          1,
          1,
          1,
          1,
          null,
          1,
          1,
          1,
          1,
          1,
          1,
          null,
          null,
          null
        ]
      },
      "/home/raghu-n-yadav/Desktop/ruby_rails/bookstore_change/spec/features/sessions_spec.rb": {
        "lines": [
          1,
          null,
          1,
          4,
          null,
          1,
          1,
          1,
          1,
          null,
          null,
          1,
          1,
          1,
          1,
          null,
          null,
          1,
          1,
          1,
          1,
          null,
          null,
          null,
          1,
          1,
          1,
          1,
          1,
          null,
          null,
          null,
          1,
          null,
          1,
          3,
          3,
          3,
          3,
          3,
          3,
          null,
          null,
          1,
          1,
          null,
          null,
          1,
          1,
          1,
          null,
          null,
          1,
          1,
          1,
          1,
          1,
          1,
          1,
          null,
          null,
          null
        ]
      },
      "/home/raghu-n-yadav/Desktop/ruby_rails/bookstore_change/spec/helpers/admins_helper_spec.rb": {
        "lines": [
          1,
          null,
          null,
          null,
          null,
          null,
          null,
          null,
          null,
          null,
          null,
          null,
          1,
          1,
          null
        ]
      },
      "/home/raghu-n-yadav/Desktop/ruby_rails/bookstore_change/spec/helpers/registration_helper_spec.rb": {
        "lines": [
          1,
          null,
          null,
          null,
          null,
          null,
          null,
          null,
          null,
          null,
          null,
          null,
          1,
          1,
          null
        ]
      },
      "/home/raghu-n-yadav/Desktop/ruby_rails/bookstore_change/spec/helpers/sessions_helper_spec.rb": {
        "lines": [
          1,
          null,
          null,
          null,
          null,
          null,
          null,
          null,
          null,
          null,
          null,
          null,
          1,
          1,
          null
        ]
      },
      "/home/raghu-n-yadav/Desktop/ruby_rails/bookstore_change/spec/models/book_spec.rb": {
        "lines": [
          1,
          null,
          1,
          5,
          3,
          3,
          1,
          null,
          null,
          1,
          2,
          2,
          2,
          2,
          null,
          null,
          null,
          1,
          2,
          2,
          null,
          null,
          1,
          2,
          2,
          2,
          2,
          null,
          null,
          null,
          null,
          1,
          1,
          2,
          null,
          null,
          1,
          2,
          null,
          null,
          1,
          2,
          null,
          null,
          null,
          null,
          1,
          3,
          null,
          null,
          1,
          1,
          1,
          null,
          null,
          null,
          1,
          1,
          1,
          1,
          null,
          null,
          1,
          1,
          1,
          1,
          null,
          null,
          1,
          1,
          1,
          1,
          null,
          null,
          1,
          1,
          1,
          1,
          1,
          1,
          null,
          null,
          null
        ]
      },
      "/home/raghu-n-yadav/Desktop/ruby_rails/bookstore_change/app/models/book.rb": {
        "lines": [
          1,
          1,
          1,
          1,
          1,
          1,
          1,
          null,
          1,
          9,
          9,
          null,
          null,
          null
        ]
      },
      "/home/raghu-n-yadav/Desktop/ruby_rails/bookstore_change/app/models/application_record.rb": {
        "lines": [
          1,
          1,
          null
        ]
      },
      "/home/raghu-n-yadav/Desktop/ruby_rails/bookstore_change/spec/models/issued_book_spec.rb": {
        "lines": [
          1,
          null,
          1,
          4,
          4,
          null,
          null,
          1,
          2,
          2,
          2,
          2,
          2,
          2,
          null,
          null,
          1,
          2,
          2,
          null,
          null,
          1,
          1,
          1,
          null,
          null,
          null,
          1,
          1,
          3,
          null,
          null,
          1,
          null,
          1,
          null,
          1,
          null,
          1,
          null,
          null,
          1,
          null,
          null,
          null,
          1,
          null,
          null,
          null
        ]
      },
      "/home/raghu-n-yadav/Desktop/ruby_rails/bookstore_change/app/models/issued_book.rb": {
        "lines": [
          1,
          1,
          1,
          null,
          1,
          6,
          6,
          6,
          6,
          6,
          6,
          6,
          6,
          6,
          6,
          null,
          null,
          null,
          1,
          2,
          2,
          2,
          null,
          null,
          null
        ]
      },
      "/home/raghu-n-yadav/Desktop/ruby_rails/bookstore_change/spec/models/student_spec.rb": {
        "lines": [
          1,
          null,
          1,
          2,
          1,
          2,
          2,
          null,
          null,
          null,
          1,
          2,
          2,
          null,
          1,
          1,
          1,
          1,
          null,
          null,
          null,
          1,
          2,
          1,
          1,
          null,
          null,
          null,
          1,
          2,
          2,
          null,
          null
        ]
      },
      "/home/raghu-n-yadav/Desktop/ruby_rails/bookstore_change/app/models/student.rb": {
        "lines": [
          1,
          1,
          1,
          1,
          1,
          null,
          null,
          1,
          4,
          null,
          null,
          1,
          4,
          0,
          0,
          null,
          null,
          4,
          4,
          null,
          null,
          null,
          null
        ]
      },
      "/home/raghu-n-yadav/Desktop/ruby_rails/bookstore_change/spec/models/user_spec.rb": {
        "lines": [
          1,
          null,
          1,
          4,
          null,
          1,
          2,
          2,
          2,
          null,
          null,
          1,
          3,
          null,
          null,
          1,
          2,
          2,
          2,
          null,
          1,
          1,
          1,
          1,
          null,
          null,
          null,
          1,
          1,
          1,
          null,
          null,
          null
        ]
      },
      "/home/raghu-n-yadav/Desktop/ruby_rails/bookstore_change/app/models/user.rb": {
        "lines": [
          1,
          1,
          1,
          1,
          null
        ]
      },
      "/home/raghu-n-yadav/Desktop/ruby_rails/bookstore_change/spec/requests/admins_spec.rb": {
        "lines": [
          1,
          null,
          1,
          1,
          1,
          1,
          1,
          null,
          null,
          null
        ]
      },
      "/home/raghu-n-yadav/Desktop/ruby_rails/bookstore_change/spec/requests/bookspage_spec.rb": {
        "lines": [
          1,
          null,
          1,
          1,
          2,
          null,
          1,
          1,
          null,
          1,
          null,
          null,
          null,
          1,
          1,
          null,
          1,
          null,
          null,
          null,
          null
        ]
      },
      "/home/raghu-n-yadav/Desktop/ruby_rails/bookstore_change/spec/requests/registration_spec.rb": {
        "lines": [
          1,
          null,
          1,
          1,
          1,
          null,
          1,
          1,
          1,
          null,
          null,
          null
        ]
      },
      "/home/raghu-n-yadav/Desktop/ruby_rails/bookstore_change/spec/requests/sessions_spec.rb": {
        "lines": [
          1,
          null,
          1,
          1,
          null,
          1,
          1,
          1,
          null,
          null,
          1,
          1,
          1,
          null,
          null,
          null
        ]
      },
      "/home/raghu-n-yadav/Desktop/ruby_rails/bookstore_change/app/controllers/registration_controller.rb": {
        "lines": [
          1,
          1,
          0,
          null,
          1,
          23,
          null,
          null,
          1,
          20,
          null,
          20,
          18,
          18,
          null,
          null,
          2,
          null,
          null,
          null,
          1,
          null,
          1,
          20,
          null,
          null
        ]
      },
      "/home/raghu-n-yadav/Desktop/ruby_rails/bookstore_change/app/controllers/application_controller.rb": {
        "lines": [
          1,
          null,
          1,
          null,
          1,
          135,
          74,
          null,
          null,
          null,
          1,
          72,
          null,
          null
        ]
      },
      "/home/raghu-n-yadav/Desktop/ruby_rails/bookstore_change/app/models/current.rb": {
        "lines": [
          1,
          1,
          null
        ]
      },
      "/home/raghu-n-yadav/Desktop/ruby_rails/bookstore_change/app/controllers/books_page_controller.rb": {
        "lines": [
          1,
          1,
          1,
          34,
          null,
          null,
          1,
          11,
          null,
          null,
          1,
          9,
          null,
          9,
          8,
          null,
          null,
          1,
          null,
          null,
          null,
          1,
          1,
          1,
          null,
          1,
          null,
          null,
          1,
          null,
          1,
          9,
          null,
          null
        ]
      },
      "/home/raghu-n-yadav/Desktop/ruby_rails/bookstore_change/app/controllers/book_issue_controller.rb": {
        "lines": [
          1,
          1,
          1,
          6,
          6,
          null,
          null,
          1,
          3,
          null,
          null,
          1,
          4,
          4,
          4,
          0,
          4,
          null,
          3,
          3,
          null,
          null,
          1,
          null,
          null,
          null,
          1,
          1,
          1,
          null,
          null,
          null
        ]
      },
      "/home/raghu-n-yadav/Desktop/ruby_rails/bookstore_change/app/controllers/admins_controller.rb": {
        "lines": [
          1,
          1,
          10,
          null,
          null,
          null
        ]
      },
      "/home/raghu-n-yadav/Desktop/ruby_rails/bookstore_change/app/controllers/sessions_controller.rb": {
        "lines": [
          1,
          1,
          3,
          3,
          null,
          null,
          1,
          null,
          null,
          1,
          2,
          null,
          2,
          1,
          1,
          null,
          1,
          1,
          null,
          null,
          null,
          null
        ]
      }
    },
    "timestamp": 1646318270
  }
}
